Using pre-set license
Built from '2020.3/release' branch; Version is '2020.3.27f1 (e759542391ea) revision 15161684'; Using compiler version '192528614'; Build Type 'Release'
OS: 'Windows 10  (10.0.19044) 64bit Professional' Language: 'en' Physical Memory: 16313 MB
BatchMode: 1, IsHumanControllingUs: 0, StartBugReporterOnCrash: 0, Is64bit: 1, IsPro: 0

COMMAND LINE ARGUMENTS:
C:\Program Files\Unity\Hub\Editor\2020.3.27f1\Editor\Unity.exe
-adb2
-batchMode
-noUpm
-name
AssetImportWorker0
-projectPath
C:/Users/Master/Documents/GitHub/Blueshift
-logFile
Logs/AssetImportWorker0.log
-srvPort
63918
Successfully changed project path to: C:/Users/Master/Documents/GitHub/Blueshift
C:/Users/Master/Documents/GitHub/Blueshift
Using Asset Import Pipeline V2.
Refreshing native plugins compatible for Editor in 52.08 ms, found 2 plugins.
Preloading 0 native plugins for Editor in 0.00 ms.
Initialize engine version: 2020.3.27f1 (e759542391ea)
[Subsystems] Discovering subsystems at path C:/Program Files/Unity/Hub/Editor/2020.3.27f1/Editor/Data/Resources/UnitySubsystems
[Subsystems] Discovering subsystems at path C:/Users/Master/Documents/GitHub/Blueshift/Assets
GfxDevice: creating device client; threaded=0
Direct3D:
    Version:  Direct3D 11.0 [level 11.1]
    Renderer: NVIDIA GeForce GTX 1070 (ID=0x1b81)
    Vendor:   
    VRAM:     8088 MB
    Driver:   31.0.15.1694
Initialize mono
Mono path[0] = 'C:/Program Files/Unity/Hub/Editor/2020.3.27f1/Editor/Data/Managed'
Mono path[1] = 'C:/Program Files/Unity/Hub/Editor/2020.3.27f1/Editor/Data/MonoBleedingEdge/lib/mono/unityjit'
Mono config path = 'C:/Program Files/Unity/Hub/Editor/2020.3.27f1/Editor/Data/MonoBleedingEdge/etc'
Using monoOptions --debugger-agent=transport=dt_socket,embedding=1,server=y,suspend=n,address=127.0.0.1:56376
Begin MonoManager ReloadAssembly
Registering precompiled unity dll's ...
Register platform support module: C:/Program Files/Unity/Hub/Editor/2020.3.27f1/Editor/Data/PlaybackEngines/WebGLSupport/UnityEditor.WebGL.Extensions.dll
Register platform support module: C:/Program Files/Unity/Hub/Editor/2020.3.27f1/Editor/Data/PlaybackEngines/WindowsStandaloneSupport/UnityEditor.WindowsStandalone.Extensions.dll
Registered in 0.003420 seconds.
Native extension for WindowsStandalone target not found
Native extension for WebGL target not found
Refreshing native plugins compatible for Editor in 49.92 ms, found 2 plugins.
Preloading 0 native plugins for Editor in 0.00 ms.
Mono: successfully reloaded assembly
- Completed reload, in  0.969 seconds
Domain Reload Profiling:
	ReloadAssembly (969ms)
		BeginReloadAssembly (82ms)
			ExecutionOrderSort (0ms)
			DisableScriptedObjects (0ms)
			BackupInstance (0ms)
			ReleaseScriptingObjects (0ms)
			CreateAndSetChildDomain (1ms)
		EndReloadAssembly (671ms)
			LoadAssemblies (80ms)
			RebuildTransferFunctionScriptingTraits (0ms)
			SetupTypeCache (296ms)
			ReleaseScriptCaches (0ms)
			RebuildScriptCaches (41ms)
			SetupLoadedEditorAssemblies (212ms)
				LogAssemblyErrors (0ms)
				InitializePlatformSupportModulesInManaged (6ms)
				SetLoadedEditorAssemblies (0ms)
				RefreshPlugins (50ms)
				BeforeProcessingInitializeOnLoad (20ms)
				ProcessInitializeOnLoadAttributes (98ms)
				ProcessInitializeOnLoadMethodAttributes (37ms)
				AfterProcessingInitializeOnLoad (0ms)
				EditorAssembliesLoaded (0ms)
			ExecutionOrderSort2 (0ms)
			AwakeInstancesAfterBackupRestoration (0ms)
Platform modules already initialized, skipping
Registering precompiled user dll's ...
Registered in 0.140866 seconds.
Begin MonoManager ReloadAssembly
Native extension for WindowsStandalone target not found
Native extension for WebGL target not found
Refreshing native plugins compatible for Editor in 0.60 ms, found 2 plugins.
Preloading 0 native plugins for Editor in 0.00 ms.
Mono: successfully reloaded assembly
- Completed reload, in  1.274 seconds
Domain Reload Profiling:
	ReloadAssembly (1279ms)
		BeginReloadAssembly (176ms)
			ExecutionOrderSort (0ms)
			DisableScriptedObjects (6ms)
			BackupInstance (0ms)
			ReleaseScriptingObjects (0ms)
			CreateAndSetChildDomain (21ms)
		EndReloadAssembly (1030ms)
			LoadAssemblies (113ms)
			RebuildTransferFunctionScriptingTraits (0ms)
			SetupTypeCache (317ms)
			ReleaseScriptCaches (0ms)
			RebuildScriptCaches (59ms)
			SetupLoadedEditorAssemblies (444ms)
				LogAssemblyErrors (0ms)
				InitializePlatformSupportModulesInManaged (7ms)
				SetLoadedEditorAssemblies (1ms)
				RefreshPlugins (1ms)
				BeforeProcessingInitializeOnLoad (96ms)
				ProcessInitializeOnLoadAttributes (321ms)
				ProcessInitializeOnLoadMethodAttributes (11ms)
				AfterProcessingInitializeOnLoad (9ms)
				EditorAssembliesLoaded (0ms)
			ExecutionOrderSort2 (0ms)
			AwakeInstancesAfterBackupRestoration (8ms)
Platform modules already initialized, skipping
========================================================================
Worker process is ready to serve import requests
Launched and connected shader compiler UnityShaderCompiler.exe after 0.08 seconds
Refreshing native plugins compatible for Editor in 0.58 ms, found 2 plugins.
Preloading 0 native plugins for Editor in 0.00 ms.
Unloading 1561 Unused Serialized files (Serialized files now loaded: 0)
System memory in use before: 90.7 MB.
System memory in use after: 90.4 MB.

Unloading 20 unused Assets to reduce memory usage. Loaded Objects now: 2020.
Total: 3.363100 ms (FindLiveObjects: 0.182200 ms CreateObjectMapping: 0.038200 ms MarkObjects: 2.844100 ms  DeleteObjects: 0.297600 ms)

AssetImportParameters requested are different than current active one (requested -> active):
  custom:framework-win-MediaFoundation: 216162199b28c13a410421893ffa2e32 -> 
  custom:video-decoder-ogg-theora: a1e56fd34408186e4bbccfd4996cb3dc -> 
  custom:container-muxer-webm: aa71ff27fc2769a1b78a27578f13a17b -> 
  custom:container-demuxer-webm: 4f35f7cbe854078d1ac9338744f61a02 -> 
  custom:container-demuxer-ogg: 62fdf1f143b41e24485cea50d1cbac27 -> 
  custom:video-encoder-webm-vp8: eb34c28f22e8b96e1ab97ce403110664 -> 
  custom:video-decoder-webm-vp8: 9c59270c3fd7afecdb556c50c9e8de78 -> 
  custom:audio-decoder-ogg-vorbis: bf7c407c2cedff20999df2af8eb42d56 -> 
  custom:audio-encoder-webm-vorbis: bf7c407c2cedff20999df2af8eb42d56 -> 
========================================================================
Received Import Request.
  path: Assets/Third Party/Models/Materials/stack & poles.mat
  artifactKey: Guid(fd95b8bc00e5e974395f4aebf755691c) Importer(815301076,1909f56bfc062723c751e8b465ee728b)
Start importing Assets/Third Party/Models/Materials/stack & poles.mat using Guid(fd95b8bc00e5e974395f4aebf755691c) Importer(815301076,1909f56bfc062723c751e8b465ee728b)  -> (artifact id: 'bd2f30e4e1853904c97d08cb36beb980') in 0.130855 seconds 
  Import took 0.134324 seconds .

========================================================================
Received Import Request.
  Time since last request: 0.000282 seconds.
  path: Assets/Third Party/Models/Materials/Windows.mat
  artifactKey: Guid(8a5b2dcf600763041bf740ceb88a2088) Importer(815301076,1909f56bfc062723c751e8b465ee728b)
Start importing Assets/Third Party/Models/Materials/Windows.mat using Guid(8a5b2dcf600763041bf740ceb88a2088) Importer(815301076,1909f56bfc062723c751e8b465ee728b)  -> (artifact id: 'd1272e2f84f2bce81dffaafaa96820ab') in 0.021871 seconds 
  Import took 0.024665 seconds .

========================================================================
Received Import Request.
  Time since last request: 14.127144 seconds.
  path: Assets/Third Party/Models/Mech5_final3.blend1
  artifactKey: Guid(3cc3af506352432479d6173f560b18fb) Importer(815301076,1909f56bfc062723c751e8b465ee728b)
Start importing Assets/Third Party/Models/Mech5_final3.blend1 using Guid(3cc3af506352432479d6173f560b18fb) Importer(815301076,1909f56bfc062723c751e8b465ee728b)  -> (artifact id: 'a7257346df33f7fb2f3cfb42f0b13be4') in 0.009010 seconds 
  Import took 0.012531 seconds .

========================================================================
Received Import Request.
  Time since last request: 3.426960 seconds.
  path: Assets/Third Party/Models/station_concept.blend1
  artifactKey: Guid(b461c5fc6dc4fd44ba90a2c0fdca81d5) Importer(815301076,1909f56bfc062723c751e8b465ee728b)
Start importing Assets/Third Party/Models/station_concept.blend1 using Guid(b461c5fc6dc4fd44ba90a2c0fdca81d5) Importer(815301076,1909f56bfc062723c751e8b465ee728b)  -> (artifact id: '9d4c11d2e48b61b841df2cb9d1046ab5') in 0.008290 seconds 
  Import took 0.011533 seconds .

========================================================================
Received Import Request.
  Time since last request: 2.138679 seconds.
  path: Assets/Third Party/Models/Station (1).blend1
  artifactKey: Guid(a96eb7b8370c8334b952f95864cd2738) Importer(815301076,1909f56bfc062723c751e8b465ee728b)
Start importing Assets/Third Party/Models/Station (1).blend1 using Guid(a96eb7b8370c8334b952f95864cd2738) Importer(815301076,1909f56bfc062723c751e8b465ee728b)  -> (artifact id: 'fcc935b8f7b8bd3ba078c2c9cdb7fdba') in 0.007584 seconds 
  Import took 0.010495 seconds .

========================================================================
Received Import Request.
  Time since last request: 2.172165 seconds.
  path: Assets/Third Party/Models/Space.blend1
  artifactKey: Guid(6137b9aa8afe398469e83ef28068d9ea) Importer(815301076,1909f56bfc062723c751e8b465ee728b)
Start importing Assets/Third Party/Models/Space.blend1 using Guid(6137b9aa8afe398469e83ef28068d9ea) Importer(815301076,1909f56bfc062723c751e8b465ee728b)  -> (artifact id: '3ed6bca2b81e6fdfd006860b84de6c02') in 0.008804 seconds 
  Import took 0.011940 seconds .

